[0.050s] DEBUG:colcon:Command line arguments: ['/usr/bin/colcon', 'build', '--packages-select', 'rosno1']
[0.050s] DEBUG:colcon:Parsed command line arguments: Namespace(log_base=None, log_level=None, verb_name='build', build_base='build', install_base='install', merge_install=False, symlink_install=False, test_result_base=None, continue_on_error=False, executor='parallel', parallel_workers=4, event_handlers=None, ignore_user_meta=False, metas=['./colcon.meta'], base_paths=['.'], packages_ignore=None, packages_ignore_regex=None, paths=None, packages_up_to=None, packages_up_to_regex=None, packages_above=None, packages_above_and_dependencies=None, packages_above_depth=None, packages_select_by_dep=None, packages_skip_by_dep=None, packages_skip_up_to=None, packages_select_build_failed=False, packages_skip_build_finished=False, packages_select_test_failures=False, packages_skip_test_passed=False, packages_select=['rosno1'], packages_skip=None, packages_select_regex=None, packages_skip_regex=None, packages_start=None, packages_end=None, allow_overriding=[], cmake_args=None, cmake_target=None, cmake_target_skip_unavailable=False, cmake_clean_cache=False, cmake_clean_first=False, cmake_force_configure=False, ament_cmake_args=None, catkin_cmake_args=None, catkin_skip_building_tests=False, verb_parser=<colcon_defaults.argument_parser.defaults.DefaultArgumentsDecorator object at 0xffff9fa97be0>, verb_extension=<colcon_core.verb.build.BuildVerb object at 0xffff9fa97040>, main=<bound method BuildVerb.main of <colcon_core.verb.build.BuildVerb object at 0xffff9fa97040>>)
[0.115s] Level 1:colcon.colcon_core.package_discovery:discover_packages(colcon_meta) check parameters
[0.115s] Level 1:colcon.colcon_core.package_discovery:discover_packages(recursive) check parameters
[0.115s] Level 1:colcon.colcon_core.package_discovery:discover_packages(ignore) check parameters
[0.115s] Level 1:colcon.colcon_core.package_discovery:discover_packages(path) check parameters
[0.115s] Level 1:colcon.colcon_core.package_discovery:discover_packages(colcon_meta) discover
[0.115s] Level 1:colcon.colcon_core.package_discovery:discover_packages(recursive) discover
[0.115s] INFO:colcon.colcon_core.package_discovery:Crawling recursively for packages in '/home/wes22/Sekuro 18 - Tugas 1/src/ros_soal_1'
[0.115s] Level 1:colcon.colcon_core.package_identification:_identify(.) by extensions ['ignore', 'ignore_ament_install']
[0.115s] Level 1:colcon.colcon_core.package_identification:_identify(.) by extension 'ignore'
[0.115s] Level 1:colcon.colcon_core.package_identification:_identify(.) by extension 'ignore_ament_install'
[0.115s] Level 1:colcon.colcon_core.package_identification:_identify(.) by extensions ['colcon_pkg']
[0.115s] Level 1:colcon.colcon_core.package_identification:_identify(.) by extension 'colcon_pkg'
[0.115s] Level 1:colcon.colcon_core.package_identification:_identify(.) by extensions ['colcon_meta']
[0.115s] Level 1:colcon.colcon_core.package_identification:_identify(.) by extension 'colcon_meta'
[0.115s] Level 1:colcon.colcon_core.package_identification:_identify(.) by extensions ['ros']
[0.115s] Level 1:colcon.colcon_core.package_identification:_identify(.) by extension 'ros'
[0.123s] Level 1:colcon.colcon_core.package_identification:_identify(.) by extensions ['cmake', 'python']
[0.123s] Level 1:colcon.colcon_core.package_identification:_identify(.) by extension 'cmake'
[0.123s] Level 1:colcon.colcon_core.package_identification:_identify(.) by extension 'python'
[0.123s] Level 1:colcon.colcon_core.package_identification:_identify(.) by extensions ['python_setup_py']
[0.123s] Level 1:colcon.colcon_core.package_identification:_identify(.) by extension 'python_setup_py'
[0.123s] Level 1:colcon.colcon_core.package_identification:_identify(build) by extensions ['ignore', 'ignore_ament_install']
[0.123s] Level 1:colcon.colcon_core.package_identification:_identify(build) by extension 'ignore'
[0.123s] Level 1:colcon.colcon_core.package_identification:_identify(build) ignored
[0.123s] Level 1:colcon.colcon_core.package_identification:_identify(install) by extensions ['ignore', 'ignore_ament_install']
[0.124s] Level 1:colcon.colcon_core.package_identification:_identify(install) by extension 'ignore'
[0.124s] Level 1:colcon.colcon_core.package_identification:_identify(install) ignored
[0.124s] Level 1:colcon.colcon_core.package_identification:_identify(log) by extensions ['ignore', 'ignore_ament_install']
[0.124s] Level 1:colcon.colcon_core.package_identification:_identify(log) by extension 'ignore'
[0.124s] Level 1:colcon.colcon_core.package_identification:_identify(log) ignored
[0.124s] Level 1:colcon.colcon_core.package_identification:_identify(src) by extensions ['ignore', 'ignore_ament_install']
[0.124s] Level 1:colcon.colcon_core.package_identification:_identify(src) by extension 'ignore'
[0.124s] Level 1:colcon.colcon_core.package_identification:_identify(src) by extension 'ignore_ament_install'
[0.124s] Level 1:colcon.colcon_core.package_identification:_identify(src) by extensions ['colcon_pkg']
[0.124s] Level 1:colcon.colcon_core.package_identification:_identify(src) by extension 'colcon_pkg'
[0.124s] Level 1:colcon.colcon_core.package_identification:_identify(src) by extensions ['colcon_meta']
[0.124s] Level 1:colcon.colcon_core.package_identification:_identify(src) by extension 'colcon_meta'
[0.124s] Level 1:colcon.colcon_core.package_identification:_identify(src) by extensions ['ros']
[0.124s] Level 1:colcon.colcon_core.package_identification:_identify(src) by extension 'ros'
[0.124s] Level 1:colcon.colcon_core.package_identification:_identify(src) by extensions ['cmake', 'python']
[0.124s] Level 1:colcon.colcon_core.package_identification:_identify(src) by extension 'cmake'
[0.124s] Level 1:colcon.colcon_core.package_identification:_identify(src) by extension 'python'
[0.124s] Level 1:colcon.colcon_core.package_identification:_identify(src) by extensions ['python_setup_py']
[0.124s] Level 1:colcon.colcon_core.package_identification:_identify(src) by extension 'python_setup_py'
[0.124s] Level 1:colcon.colcon_core.package_identification:_identify(src/rosno1) by extensions ['ignore', 'ignore_ament_install']
[0.124s] Level 1:colcon.colcon_core.package_identification:_identify(src/rosno1) by extension 'ignore'
[0.124s] Level 1:colcon.colcon_core.package_identification:_identify(src/rosno1) by extension 'ignore_ament_install'
[0.124s] Level 1:colcon.colcon_core.package_identification:_identify(src/rosno1) by extensions ['colcon_pkg']
[0.124s] Level 1:colcon.colcon_core.package_identification:_identify(src/rosno1) by extension 'colcon_pkg'
[0.124s] Level 1:colcon.colcon_core.package_identification:_identify(src/rosno1) by extensions ['colcon_meta']
[0.124s] Level 1:colcon.colcon_core.package_identification:_identify(src/rosno1) by extension 'colcon_meta'
[0.124s] Level 1:colcon.colcon_core.package_identification:_identify(src/rosno1) by extensions ['ros']
[0.124s] Level 1:colcon.colcon_core.package_identification:_identify(src/rosno1) by extension 'ros'
[0.125s] DEBUG:colcon.colcon_core.package_identification:Package 'src/rosno1' with type 'ros.ament_cmake' and name 'rosno1'
[0.125s] Level 1:colcon.colcon_core.package_discovery:discover_packages(recursive) using defaults
[0.125s] Level 1:colcon.colcon_core.package_discovery:discover_packages(ignore) discover
[0.125s] Level 1:colcon.colcon_core.package_discovery:discover_packages(ignore) using defaults
[0.125s] Level 1:colcon.colcon_core.package_discovery:discover_packages(path) discover
[0.125s] Level 1:colcon.colcon_core.package_discovery:discover_packages(path) using defaults
[0.134s] Level 1:colcon.colcon_core.package_discovery:discover_packages(prefix_path) check parameters
[0.134s] Level 1:colcon.colcon_core.package_discovery:discover_packages(prefix_path) discover
[0.135s] DEBUG:colcon.colcon_installed_package_information.package_discovery:Found 272 installed packages in /opt/ros/humble
[0.139s] Level 1:colcon.colcon_core.package_discovery:discover_packages(prefix_path) using defaults
[0.154s] Level 5:colcon.colcon_core.verb:set package 'rosno1' build argument 'cmake_args' from command line to 'None'
[0.154s] Level 5:colcon.colcon_core.verb:set package 'rosno1' build argument 'cmake_target' from command line to 'None'
[0.154s] Level 5:colcon.colcon_core.verb:set package 'rosno1' build argument 'cmake_target_skip_unavailable' from command line to 'False'
[0.154s] Level 5:colcon.colcon_core.verb:set package 'rosno1' build argument 'cmake_clean_cache' from command line to 'False'
[0.154s] Level 5:colcon.colcon_core.verb:set package 'rosno1' build argument 'cmake_clean_first' from command line to 'False'
[0.154s] Level 5:colcon.colcon_core.verb:set package 'rosno1' build argument 'cmake_force_configure' from command line to 'False'
[0.154s] Level 5:colcon.colcon_core.verb:set package 'rosno1' build argument 'ament_cmake_args' from command line to 'None'
[0.154s] Level 5:colcon.colcon_core.verb:set package 'rosno1' build argument 'catkin_cmake_args' from command line to 'None'
[0.154s] Level 5:colcon.colcon_core.verb:set package 'rosno1' build argument 'catkin_skip_building_tests' from command line to 'False'
[0.154s] DEBUG:colcon.colcon_core.verb:Building package 'rosno1' with the following arguments: {'ament_cmake_args': None, 'build_base': '/home/wes22/Sekuro 18 - Tugas 1/src/ros_soal_1/build/rosno1', 'catkin_cmake_args': None, 'catkin_skip_building_tests': False, 'cmake_args': None, 'cmake_clean_cache': False, 'cmake_clean_first': False, 'cmake_force_configure': False, 'cmake_target': None, 'cmake_target_skip_unavailable': False, 'install_base': '/home/wes22/Sekuro 18 - Tugas 1/src/ros_soal_1/install/rosno1', 'merge_install': False, 'path': '/home/wes22/Sekuro 18 - Tugas 1/src/ros_soal_1/src/rosno1', 'symlink_install': False, 'test_result_base': None}
[0.154s] INFO:colcon.colcon_core.executor:Executing jobs using 'parallel' executor
[0.154s] DEBUG:colcon.colcon_parallel_executor.executor.parallel:run_until_complete
[0.154s] INFO:colcon.colcon_ros.task.ament_cmake.build:Building ROS package in '/home/wes22/Sekuro 18 - Tugas 1/src/ros_soal_1/src/rosno1' with build type 'ament_cmake'
[0.154s] INFO:colcon.colcon_cmake.task.cmake.build:Building CMake package in '/home/wes22/Sekuro 18 - Tugas 1/src/ros_soal_1/src/rosno1'
[0.155s] INFO:colcon.colcon_core.plugin_system:Skipping extension 'colcon_core.shell.bat': Not used on non-Windows systems
[0.156s] INFO:colcon.colcon_core.shell:Skip shell extension 'powershell' for command environment: Not usable outside of PowerShell
[0.156s] DEBUG:colcon.colcon_core.shell:Skip shell extension 'dsv' for command environment
[0.160s] DEBUG:colcon.colcon_core.event_handler.log_command:Invoking command in '/home/wes22/Sekuro 18 - Tugas 1/src/ros_soal_1/build/rosno1': CMAKE_PREFIX_PATH=/opt/ros/humble /usr/bin/cmake /home/wes22/Sekuro 18 - Tugas 1/src/ros_soal_1/src/rosno1 -DCMAKE_INSTALL_PREFIX=/home/wes22/Sekuro 18 - Tugas 1/src/ros_soal_1/install/rosno1
[0.359s] DEBUG:colcon.colcon_core.event_handler.log_command:Invoked command in '/home/wes22/Sekuro 18 - Tugas 1/src/ros_soal_1/build/rosno1' returned '0': CMAKE_PREFIX_PATH=/opt/ros/humble /usr/bin/cmake /home/wes22/Sekuro 18 - Tugas 1/src/ros_soal_1/src/rosno1 -DCMAKE_INSTALL_PREFIX=/home/wes22/Sekuro 18 - Tugas 1/src/ros_soal_1/install/rosno1
[0.360s] DEBUG:colcon.colcon_core.event_handler.log_command:Invoking command in '/home/wes22/Sekuro 18 - Tugas 1/src/ros_soal_1/build/rosno1': CMAKE_PREFIX_PATH=/opt/ros/humble /usr/bin/cmake --build /home/wes22/Sekuro 18 - Tugas 1/src/ros_soal_1/build/rosno1 -- -j4 -l4
[4.308s] DEBUG:colcon.colcon_core.event_handler.log_command:Invoked command in '/home/wes22/Sekuro 18 - Tugas 1/src/ros_soal_1/build/rosno1' returned '0': CMAKE_PREFIX_PATH=/opt/ros/humble /usr/bin/cmake --build /home/wes22/Sekuro 18 - Tugas 1/src/ros_soal_1/build/rosno1 -- -j4 -l4
[4.312s] DEBUG:colcon.colcon_core.event_handler.log_command:Invoking command in '/home/wes22/Sekuro 18 - Tugas 1/src/ros_soal_1/build/rosno1': CMAKE_PREFIX_PATH=/opt/ros/humble /usr/bin/cmake --install /home/wes22/Sekuro 18 - Tugas 1/src/ros_soal_1/build/rosno1
[4.321s] Level 1:colcon.colcon_core.environment:create_environment_scripts_only(rosno1)
[4.321s] DEBUG:colcon.colcon_core.event_handler.log_command:Invoked command in '/home/wes22/Sekuro 18 - Tugas 1/src/ros_soal_1/build/rosno1' returned '0': CMAKE_PREFIX_PATH=/opt/ros/humble /usr/bin/cmake --install /home/wes22/Sekuro 18 - Tugas 1/src/ros_soal_1/build/rosno1
[4.322s] Level 1:colcon.colcon_core.environment:checking '/home/wes22/Sekuro 18 - Tugas 1/src/ros_soal_1/install/rosno1' for CMake module files
[4.323s] Level 1:colcon.colcon_core.environment:checking '/home/wes22/Sekuro 18 - Tugas 1/src/ros_soal_1/install/rosno1' for CMake config files
[4.323s] Level 1:colcon.colcon_core.shell:create_environment_hook('rosno1', 'cmake_prefix_path')
[4.323s] INFO:colcon.colcon_core.shell:Creating environment hook '/home/wes22/Sekuro 18 - Tugas 1/src/ros_soal_1/install/rosno1/share/rosno1/hook/cmake_prefix_path.ps1'
[4.323s] INFO:colcon.colcon_core.shell:Creating environment descriptor '/home/wes22/Sekuro 18 - Tugas 1/src/ros_soal_1/install/rosno1/share/rosno1/hook/cmake_prefix_path.dsv'
[4.324s] INFO:colcon.colcon_core.shell:Creating environment hook '/home/wes22/Sekuro 18 - Tugas 1/src/ros_soal_1/install/rosno1/share/rosno1/hook/cmake_prefix_path.sh'
[4.324s] Level 1:colcon.colcon_core.environment:checking '/home/wes22/Sekuro 18 - Tugas 1/src/ros_soal_1/install/rosno1/lib'
[4.325s] Level 1:colcon.colcon_core.environment:checking '/home/wes22/Sekuro 18 - Tugas 1/src/ros_soal_1/install/rosno1/bin'
[4.325s] Level 1:colcon.colcon_core.environment:checking '/home/wes22/Sekuro 18 - Tugas 1/src/ros_soal_1/install/rosno1/lib/pkgconfig/rosno1.pc'
[4.325s] Level 1:colcon.colcon_core.environment:checking '/home/wes22/Sekuro 18 - Tugas 1/src/ros_soal_1/install/rosno1/lib/python3.10/site-packages'
[4.325s] Level 1:colcon.colcon_core.environment:checking '/home/wes22/Sekuro 18 - Tugas 1/src/ros_soal_1/install/rosno1/bin'
[4.325s] INFO:colcon.colcon_core.shell:Creating package script '/home/wes22/Sekuro 18 - Tugas 1/src/ros_soal_1/install/rosno1/share/rosno1/package.ps1'
[4.325s] INFO:colcon.colcon_core.shell:Creating package descriptor '/home/wes22/Sekuro 18 - Tugas 1/src/ros_soal_1/install/rosno1/share/rosno1/package.dsv'
[4.326s] INFO:colcon.colcon_core.shell:Creating package script '/home/wes22/Sekuro 18 - Tugas 1/src/ros_soal_1/install/rosno1/share/rosno1/package.sh'
[4.326s] INFO:colcon.colcon_core.shell:Creating package script '/home/wes22/Sekuro 18 - Tugas 1/src/ros_soal_1/install/rosno1/share/rosno1/package.bash'
[4.326s] INFO:colcon.colcon_core.shell:Creating package script '/home/wes22/Sekuro 18 - Tugas 1/src/ros_soal_1/install/rosno1/share/rosno1/package.zsh'
[4.326s] Level 1:colcon.colcon_core.environment:create_file_with_runtime_dependencies(/home/wes22/Sekuro 18 - Tugas 1/src/ros_soal_1/install/rosno1/share/colcon-core/packages/rosno1)
[4.327s] Level 1:colcon.colcon_core.environment:create_environment_scripts_only(rosno1)
[4.327s] Level 1:colcon.colcon_core.environment:checking '/home/wes22/Sekuro 18 - Tugas 1/src/ros_soal_1/install/rosno1' for CMake module files
[4.327s] Level 1:colcon.colcon_core.environment:checking '/home/wes22/Sekuro 18 - Tugas 1/src/ros_soal_1/install/rosno1' for CMake config files
[4.327s] Level 1:colcon.colcon_core.shell:create_environment_hook('rosno1', 'cmake_prefix_path')
[4.327s] INFO:colcon.colcon_core.shell:Creating environment hook '/home/wes22/Sekuro 18 - Tugas 1/src/ros_soal_1/install/rosno1/share/rosno1/hook/cmake_prefix_path.ps1'
[4.327s] INFO:colcon.colcon_core.shell:Creating environment descriptor '/home/wes22/Sekuro 18 - Tugas 1/src/ros_soal_1/install/rosno1/share/rosno1/hook/cmake_prefix_path.dsv'
[4.327s] INFO:colcon.colcon_core.shell:Creating environment hook '/home/wes22/Sekuro 18 - Tugas 1/src/ros_soal_1/install/rosno1/share/rosno1/hook/cmake_prefix_path.sh'
[4.328s] Level 1:colcon.colcon_core.environment:checking '/home/wes22/Sekuro 18 - Tugas 1/src/ros_soal_1/install/rosno1/lib'
[4.328s] Level 1:colcon.colcon_core.environment:checking '/home/wes22/Sekuro 18 - Tugas 1/src/ros_soal_1/install/rosno1/bin'
[4.328s] Level 1:colcon.colcon_core.environment:checking '/home/wes22/Sekuro 18 - Tugas 1/src/ros_soal_1/install/rosno1/lib/pkgconfig/rosno1.pc'
[4.328s] Level 1:colcon.colcon_core.environment:checking '/home/wes22/Sekuro 18 - Tugas 1/src/ros_soal_1/install/rosno1/lib/python3.10/site-packages'
[4.328s] Level 1:colcon.colcon_core.environment:checking '/home/wes22/Sekuro 18 - Tugas 1/src/ros_soal_1/install/rosno1/bin'
[4.328s] INFO:colcon.colcon_core.shell:Creating package script '/home/wes22/Sekuro 18 - Tugas 1/src/ros_soal_1/install/rosno1/share/rosno1/package.ps1'
[4.328s] INFO:colcon.colcon_core.shell:Creating package descriptor '/home/wes22/Sekuro 18 - Tugas 1/src/ros_soal_1/install/rosno1/share/rosno1/package.dsv'
[4.328s] INFO:colcon.colcon_core.shell:Creating package script '/home/wes22/Sekuro 18 - Tugas 1/src/ros_soal_1/install/rosno1/share/rosno1/package.sh'
[4.329s] INFO:colcon.colcon_core.shell:Creating package script '/home/wes22/Sekuro 18 - Tugas 1/src/ros_soal_1/install/rosno1/share/rosno1/package.bash'
[4.329s] INFO:colcon.colcon_core.shell:Creating package script '/home/wes22/Sekuro 18 - Tugas 1/src/ros_soal_1/install/rosno1/share/rosno1/package.zsh'
[4.329s] Level 1:colcon.colcon_core.environment:create_file_with_runtime_dependencies(/home/wes22/Sekuro 18 - Tugas 1/src/ros_soal_1/install/rosno1/share/colcon-core/packages/rosno1)
[4.329s] DEBUG:colcon.colcon_parallel_executor.executor.parallel:closing loop
[4.329s] DEBUG:colcon.colcon_parallel_executor.executor.parallel:loop closed
[4.329s] DEBUG:colcon.colcon_parallel_executor.executor.parallel:run_until_complete finished with '0'
[4.329s] DEBUG:colcon.colcon_core.event_reactor:joining thread
[4.333s] INFO:colcon.colcon_core.plugin_system:Skipping extension 'colcon_notification.desktop_notification.terminal_notifier': Not used on non-Darwin systems
[4.333s] INFO:colcon.colcon_core.plugin_system:Skipping extension 'colcon_notification.desktop_notification.win32': Not used on non-Windows systems
[4.333s] INFO:colcon.colcon_notification.desktop_notification:Sending desktop notification using 'notify2'
[4.348s] DEBUG:colcon.colcon_core.event_reactor:joined thread
[4.349s] INFO:colcon.colcon_core.shell:Creating prefix script '/home/wes22/Sekuro 18 - Tugas 1/src/ros_soal_1/install/local_setup.ps1'
[4.349s] INFO:colcon.colcon_core.shell:Creating prefix util module '/home/wes22/Sekuro 18 - Tugas 1/src/ros_soal_1/install/_local_setup_util_ps1.py'
[4.350s] INFO:colcon.colcon_core.shell:Creating prefix chain script '/home/wes22/Sekuro 18 - Tugas 1/src/ros_soal_1/install/setup.ps1'
[4.350s] INFO:colcon.colcon_core.shell:Creating prefix script '/home/wes22/Sekuro 18 - Tugas 1/src/ros_soal_1/install/local_setup.sh'
[4.350s] INFO:colcon.colcon_core.shell:Creating prefix util module '/home/wes22/Sekuro 18 - Tugas 1/src/ros_soal_1/install/_local_setup_util_sh.py'
[4.351s] INFO:colcon.colcon_core.shell:Creating prefix chain script '/home/wes22/Sekuro 18 - Tugas 1/src/ros_soal_1/install/setup.sh'
[4.351s] INFO:colcon.colcon_core.shell:Creating prefix script '/home/wes22/Sekuro 18 - Tugas 1/src/ros_soal_1/install/local_setup.bash'
[4.351s] INFO:colcon.colcon_core.shell:Creating prefix chain script '/home/wes22/Sekuro 18 - Tugas 1/src/ros_soal_1/install/setup.bash'
[4.352s] INFO:colcon.colcon_core.shell:Creating prefix script '/home/wes22/Sekuro 18 - Tugas 1/src/ros_soal_1/install/local_setup.zsh'
[4.352s] INFO:colcon.colcon_core.shell:Creating prefix chain script '/home/wes22/Sekuro 18 - Tugas 1/src/ros_soal_1/install/setup.zsh'
