-- Found ament_cmake: 1.3.13 (/opt/ros/humble/share/ament_cmake/cmake)
-- Found rclcpp: 16.0.18 (/opt/ros/humble/share/rclcpp/cmake)
-- Found rosidl_generator_c: 3.1.8 (/opt/ros/humble/share/rosidl_generator_c/cmake)
-- Found rosidl_adapter: 3.1.8 (/opt/ros/humble/share/rosidl_adapter/cmake)
-- Found rosidl_generator_cpp: 3.1.8 (/opt/ros/humble/share/rosidl_generator_cpp/cmake)
-- Using all available rosidl_typesupport_c: rosidl_typesupport_fastrtps_c;rosidl_typesupport_introspection_c
-- Using all available rosidl_typesupport_cpp: rosidl_typesupport_fastrtps_cpp;rosidl_typesupport_introspection_cpp
-- Found rmw_implementation_cmake: 6.1.2 (/opt/ros/humble/share/rmw_implementation_cmake/cmake)
-- Found rmw_fastrtps_cpp: 6.2.10 (/opt/ros/humble/share/rmw_fastrtps_cpp/cmake)
-- Using RMW implementation 'rmw_fastrtps_cpp' as default
-- Found ament_lint_auto: 0.12.15 (/opt/ros/humble/share/ament_lint_auto/cmake)
-- Added test 'cppcheck' to perform static code analysis on C / C++ code
-- Configured cppcheck include dirs: 
-- Configured cppcheck exclude dirs and/or files: 
-- Added test 'lint_cmake' to check CMake code style
-- Added test 'uncrustify' to check C / C++ code style
-- Configured uncrustify additional arguments: 
-- Added test 'xmllint' to check XML markup files
-- Configuring done
-- Generating done
-- Build files have been written to: /home/wes22/Sekuro 18 - Tugas 1/src/ros_soal_1/build/rosno1
[ 25%] [32mBuilding CXX object CMakeFiles/walker.dir/src/walker.cpp.o[0m
[ 50%] [32mBuilding CXX object CMakeFiles/cam.dir/src/cam.cpp.o[0m
[ 75%] [32m[1mLinking CXX executable cam[0m
[ 75%] Built target cam
[100%] [32m[1mLinking CXX executable walker[0m
[100%] Built target walker
-- Install configuration: ""
-- Installing: /home/wes22/Sekuro 18 - Tugas 1/src/ros_soal_1/install/rosno1/lib/rosno1/cam
-- Set runtime path of "/home/wes22/Sekuro 18 - Tugas 1/src/ros_soal_1/install/rosno1/lib/rosno1/cam" to ""
-- Installing: /home/wes22/Sekuro 18 - Tugas 1/src/ros_soal_1/install/rosno1/lib/rosno1/walker
-- Set runtime path of "/home/wes22/Sekuro 18 - Tugas 1/src/ros_soal_1/install/rosno1/lib/rosno1/walker" to ""
-- Installing: /home/wes22/Sekuro 18 - Tugas 1/src/ros_soal_1/install/rosno1/share/ament_index/resource_index/package_run_dependencies/rosno1
-- Installing: /home/wes22/Sekuro 18 - Tugas 1/src/ros_soal_1/install/rosno1/share/ament_index/resource_index/parent_prefix_path/rosno1
-- Installing: /home/wes22/Sekuro 18 - Tugas 1/src/ros_soal_1/install/rosno1/share/rosno1/environment/ament_prefix_path.sh
-- Installing: /home/wes22/Sekuro 18 - Tugas 1/src/ros_soal_1/install/rosno1/share/rosno1/environment/ament_prefix_path.dsv
-- Installing: /home/wes22/Sekuro 18 - Tugas 1/src/ros_soal_1/install/rosno1/share/rosno1/environment/path.sh
-- Installing: /home/wes22/Sekuro 18 - Tugas 1/src/ros_soal_1/install/rosno1/share/rosno1/environment/path.dsv
-- Installing: /home/wes22/Sekuro 18 - Tugas 1/src/ros_soal_1/install/rosno1/share/rosno1/local_setup.bash
-- Installing: /home/wes22/Sekuro 18 - Tugas 1/src/ros_soal_1/install/rosno1/share/rosno1/local_setup.sh
-- Installing: /home/wes22/Sekuro 18 - Tugas 1/src/ros_soal_1/install/rosno1/share/rosno1/local_setup.zsh
-- Installing: /home/wes22/Sekuro 18 - Tugas 1/src/ros_soal_1/install/rosno1/share/rosno1/local_setup.dsv
-- Installing: /home/wes22/Sekuro 18 - Tugas 1/src/ros_soal_1/install/rosno1/share/rosno1/package.dsv
-- Installing: /home/wes22/Sekuro 18 - Tugas 1/src/ros_soal_1/install/rosno1/share/ament_index/resource_index/packages/rosno1
-- Installing: /home/wes22/Sekuro 18 - Tugas 1/src/ros_soal_1/install/rosno1/share/rosno1/cmake/rosno1Config.cmake
-- Installing: /home/wes22/Sekuro 18 - Tugas 1/src/ros_soal_1/install/rosno1/share/rosno1/cmake/rosno1Config-version.cmake
-- Installing: /home/wes22/Sekuro 18 - Tugas 1/src/ros_soal_1/install/rosno1/share/rosno1/package.xml
