[0.005s] Invoking command in '/home/wes22/Sekuro 18 - Tugas 1/src/ros_soal_1/build/rosno1': CMAKE_PREFIX_PATH=/opt/ros/humble /usr/bin/cmake /home/wes22/Sekuro 18 - Tugas 1/src/ros_soal_1/src/rosno1 -DCMAKE_INSTALL_PREFIX=/home/wes22/Sekuro 18 - Tugas 1/src/ros_soal_1/install/rosno1
[0.018s] -- Found ament_cmake: 1.3.13 (/opt/ros/humble/share/ament_cmake/cmake)
[0.069s] -- Found rclcpp: 16.0.18 (/opt/ros/humble/share/rclcpp/cmake)
[0.080s] -- Found rosidl_generator_c: 3.1.8 (/opt/ros/humble/share/rosidl_generator_c/cmake)
[0.081s] -- Found rosidl_adapter: 3.1.8 (/opt/ros/humble/share/rosidl_adapter/cmake)
[0.084s] -- Found rosidl_generator_cpp: 3.1.8 (/opt/ros/humble/share/rosidl_generator_cpp/cmake)
[0.087s] -- Using all available rosidl_typesupport_c: rosidl_typesupport_fastrtps_c;rosidl_typesupport_introspection_c
[0.092s] -- Using all available rosidl_typesupport_cpp: rosidl_typesupport_fastrtps_cpp;rosidl_typesupport_introspection_cpp
[0.104s] -- Found rmw_implementation_cmake: 6.1.2 (/opt/ros/humble/share/rmw_implementation_cmake/cmake)
[0.104s] -- Found rmw_fastrtps_cpp: 6.2.10 (/opt/ros/humble/share/rmw_fastrtps_cpp/cmake)
[0.146s] -- Using RMW implementation 'rmw_fastrtps_cpp' as default
[0.166s] -- Found ament_lint_auto: 0.12.15 (/opt/ros/humble/share/ament_lint_auto/cmake)
[0.192s] -- Added test 'cppcheck' to perform static code analysis on C / C++ code
[0.192s] -- Configured cppcheck include dirs: 
[0.192s] -- Configured cppcheck exclude dirs and/or files: 
[0.192s] -- Added test 'lint_cmake' to check CMake code style
[0.192s] -- Added test 'uncrustify' to check C / C++ code style
[0.192s] -- Configured uncrustify additional arguments: 
[0.193s] -- Added test 'xmllint' to check XML markup files
[0.193s] -- Configuring done
[0.199s] -- Generating done
[0.201s] -- Build files have been written to: /home/wes22/Sekuro 18 - Tugas 1/src/ros_soal_1/build/rosno1
[0.204s] Invoked command in '/home/wes22/Sekuro 18 - Tugas 1/src/ros_soal_1/build/rosno1' returned '0': CMAKE_PREFIX_PATH=/opt/ros/humble /usr/bin/cmake /home/wes22/Sekuro 18 - Tugas 1/src/ros_soal_1/src/rosno1 -DCMAKE_INSTALL_PREFIX=/home/wes22/Sekuro 18 - Tugas 1/src/ros_soal_1/install/rosno1
[0.205s] Invoking command in '/home/wes22/Sekuro 18 - Tugas 1/src/ros_soal_1/build/rosno1': CMAKE_PREFIX_PATH=/opt/ros/humble /usr/bin/cmake --build /home/wes22/Sekuro 18 - Tugas 1/src/ros_soal_1/build/rosno1 -- -j4 -l4
[0.227s] [ 25%] [32mBuilding CXX object CMakeFiles/walker.dir/src/walker.cpp.o[0m
[0.228s] [ 50%] [32mBuilding CXX object CMakeFiles/cam.dir/src/cam.cpp.o[0m
[2.710s] [ 75%] [32m[1mLinking CXX executable cam[0m
[2.843s] [ 75%] Built target cam
[3.973s] [100%] [32m[1mLinking CXX executable walker[0m
[4.148s] [100%] Built target walker
[4.153s] Invoked command in '/home/wes22/Sekuro 18 - Tugas 1/src/ros_soal_1/build/rosno1' returned '0': CMAKE_PREFIX_PATH=/opt/ros/humble /usr/bin/cmake --build /home/wes22/Sekuro 18 - Tugas 1/src/ros_soal_1/build/rosno1 -- -j4 -l4
[4.158s] Invoking command in '/home/wes22/Sekuro 18 - Tugas 1/src/ros_soal_1/build/rosno1': CMAKE_PREFIX_PATH=/opt/ros/humble /usr/bin/cmake --install /home/wes22/Sekuro 18 - Tugas 1/src/ros_soal_1/build/rosno1
[4.160s] -- Install configuration: ""
[4.160s] -- Installing: /home/wes22/Sekuro 18 - Tugas 1/src/ros_soal_1/install/rosno1/lib/rosno1/cam
[4.161s] -- Set runtime path of "/home/wes22/Sekuro 18 - Tugas 1/src/ros_soal_1/install/rosno1/lib/rosno1/cam" to ""
[4.161s] -- Installing: /home/wes22/Sekuro 18 - Tugas 1/src/ros_soal_1/install/rosno1/lib/rosno1/walker
[4.162s] -- Set runtime path of "/home/wes22/Sekuro 18 - Tugas 1/src/ros_soal_1/install/rosno1/lib/rosno1/walker" to ""
[4.163s] -- Installing: /home/wes22/Sekuro 18 - Tugas 1/src/ros_soal_1/install/rosno1/share/ament_index/resource_index/package_run_dependencies/rosno1
[4.163s] -- Installing: /home/wes22/Sekuro 18 - Tugas 1/src/ros_soal_1/install/rosno1/share/ament_index/resource_index/parent_prefix_path/rosno1
[4.163s] -- Installing: /home/wes22/Sekuro 18 - Tugas 1/src/ros_soal_1/install/rosno1/share/rosno1/environment/ament_prefix_path.sh
[4.163s] -- Installing: /home/wes22/Sekuro 18 - Tugas 1/src/ros_soal_1/install/rosno1/share/rosno1/environment/ament_prefix_path.dsv
[4.163s] -- Installing: /home/wes22/Sekuro 18 - Tugas 1/src/ros_soal_1/install/rosno1/share/rosno1/environment/path.sh
[4.163s] -- Installing: /home/wes22/Sekuro 18 - Tugas 1/src/ros_soal_1/install/rosno1/share/rosno1/environment/path.dsv
[4.163s] -- Installing: /home/wes22/Sekuro 18 - Tugas 1/src/ros_soal_1/install/rosno1/share/rosno1/local_setup.bash
[4.163s] -- Installing: /home/wes22/Sekuro 18 - Tugas 1/src/ros_soal_1/install/rosno1/share/rosno1/local_setup.sh
[4.163s] -- Installing: /home/wes22/Sekuro 18 - Tugas 1/src/ros_soal_1/install/rosno1/share/rosno1/local_setup.zsh
[4.164s] -- Installing: /home/wes22/Sekuro 18 - Tugas 1/src/ros_soal_1/install/rosno1/share/rosno1/local_setup.dsv
[4.164s] -- Installing: /home/wes22/Sekuro 18 - Tugas 1/src/ros_soal_1/install/rosno1/share/rosno1/package.dsv
[4.164s] -- Installing: /home/wes22/Sekuro 18 - Tugas 1/src/ros_soal_1/install/rosno1/share/ament_index/resource_index/packages/rosno1
[4.164s] -- Installing: /home/wes22/Sekuro 18 - Tugas 1/src/ros_soal_1/install/rosno1/share/rosno1/cmake/rosno1Config.cmake
[4.164s] -- Installing: /home/wes22/Sekuro 18 - Tugas 1/src/ros_soal_1/install/rosno1/share/rosno1/cmake/rosno1Config-version.cmake
[4.165s] -- Installing: /home/wes22/Sekuro 18 - Tugas 1/src/ros_soal_1/install/rosno1/share/rosno1/package.xml
[4.166s] Invoked command in '/home/wes22/Sekuro 18 - Tugas 1/src/ros_soal_1/build/rosno1' returned '0': CMAKE_PREFIX_PATH=/opt/ros/humble /usr/bin/cmake --install /home/wes22/Sekuro 18 - Tugas 1/src/ros_soal_1/build/rosno1
