[0.005s] Invoking command in '/home/wes22/Sekuro 18 - Tugas 1/src/ros_soal_1/build/rosno1': CMAKE_PREFIX_PATH=/opt/ros/humble /usr/bin/cmake /home/wes22/Sekuro 18 - Tugas 1/src/ros_soal_1/src/rosno1 -DCMAKE_INSTALL_PREFIX=/home/wes22/Sekuro 18 - Tugas 1/src/ros_soal_1/install/rosno1
[0.019s] -- Found ament_cmake: 1.3.13 (/opt/ros/humble/share/ament_cmake/cmake)
[0.100s] -- Found rclcpp: 16.0.18 (/opt/ros/humble/share/rclcpp/cmake)
[0.115s] -- Found rosidl_generator_c: 3.1.8 (/opt/ros/humble/share/rosidl_generator_c/cmake)
[0.116s] -- Found rosidl_adapter: 3.1.8 (/opt/ros/humble/share/rosidl_adapter/cmake)
[0.118s] -- Found rosidl_generator_cpp: 3.1.8 (/opt/ros/humble/share/rosidl_generator_cpp/cmake)
[0.122s] -- Using all available rosidl_typesupport_c: rosidl_typesupport_fastrtps_c;rosidl_typesupport_introspection_c
[0.127s] -- Using all available rosidl_typesupport_cpp: rosidl_typesupport_fastrtps_cpp;rosidl_typesupport_introspection_cpp
[0.140s] -- Found rmw_implementation_cmake: 6.1.2 (/opt/ros/humble/share/rmw_implementation_cmake/cmake)
[0.141s] -- Found rmw_fastrtps_cpp: 6.2.10 (/opt/ros/humble/share/rmw_fastrtps_cpp/cmake)
[0.183s] -- Using RMW implementation 'rmw_fastrtps_cpp' as default
[0.205s] -- Found ament_lint_auto: 0.12.15 (/opt/ros/humble/share/ament_lint_auto/cmake)
[0.236s] [31mCMake Error at CMakeLists.txt:31 (install):
[0.236s]   install TARGETS given target "cam" which does not exist.
[0.236s] 
[0.236s] [0m
[0.237s] -- Added test 'cppcheck' to perform static code analysis on C / C++ code
[0.237s] -- Configured cppcheck include dirs: 
[0.237s] -- Configured cppcheck exclude dirs and/or files: 
[0.237s] -- Added test 'lint_cmake' to check CMake code style
[0.238s] -- Added test 'uncrustify' to check C / C++ code style
[0.238s] -- Configured uncrustify additional arguments: 
[0.238s] -- Added test 'xmllint' to check XML markup files
[0.238s] -- Configuring incomplete, errors occurred!
[0.238s] See also "/home/wes22/Sekuro 18 - Tugas 1/src/ros_soal_1/build/rosno1/CMakeFiles/CMakeOutput.log".
[0.241s] Invoked command in '/home/wes22/Sekuro 18 - Tugas 1/src/ros_soal_1/build/rosno1' returned '1': CMAKE_PREFIX_PATH=/opt/ros/humble /usr/bin/cmake /home/wes22/Sekuro 18 - Tugas 1/src/ros_soal_1/src/rosno1 -DCMAKE_INSTALL_PREFIX=/home/wes22/Sekuro 18 - Tugas 1/src/ros_soal_1/install/rosno1
