[0.006s] Invoking command in '/home/wes22/Sekuro 18 - Tugas 1/src/ros_soal_1/build/rosno1': CMAKE_PREFIX_PATH=/opt/ros/humble /usr/bin/cmake /home/wes22/Sekuro 18 - Tugas 1/src/ros_soal_1/src/rosno1 -DCMAKE_INSTALL_PREFIX=/home/wes22/Sekuro 18 - Tugas 1/src/ros_soal_1/install/rosno1
[0.139s] -- The C compiler identification is GNU 11.4.0
[0.211s] -- The CXX compiler identification is GNU 11.4.0
[0.218s] -- Detecting C compiler ABI info
[0.251s] -- Detecting C compiler ABI info - done
[0.254s] -- Check for working C compiler: /usr/bin/cc - skipped
[0.254s] -- Detecting C compile features
[0.255s] -- Detecting C compile features - done
[0.257s] -- Detecting CXX compiler ABI info
[0.291s] -- Detecting CXX compiler ABI info - done
[0.294s] -- Check for working CXX compiler: /usr/bin/c++ - skipped
[0.294s] -- Detecting CXX compile features
[0.294s] -- Detecting CXX compile features - done
[0.298s] -- Found ament_cmake: 1.3.13 (/opt/ros/humble/share/ament_cmake/cmake)
[0.364s] -- Found Python3: /usr/bin/python3 (found version "3.10.12") found components: Interpreter 
[0.411s] -- Found rclcpp: 16.0.18 (/opt/ros/humble/share/rclcpp/cmake)
[0.451s] -- Found rosidl_generator_c: 3.1.8 (/opt/ros/humble/share/rosidl_generator_c/cmake)
[0.455s] -- Found rosidl_adapter: 3.1.8 (/opt/ros/humble/share/rosidl_adapter/cmake)
[0.463s] -- Found rosidl_generator_cpp: 3.1.8 (/opt/ros/humble/share/rosidl_generator_cpp/cmake)
[0.472s] -- Using all available rosidl_typesupport_c: rosidl_typesupport_fastrtps_c;rosidl_typesupport_introspection_c
[0.482s] -- Using all available rosidl_typesupport_cpp: rosidl_typesupport_fastrtps_cpp;rosidl_typesupport_introspection_cpp
[0.511s] -- Found rmw_implementation_cmake: 6.1.2 (/opt/ros/humble/share/rmw_implementation_cmake/cmake)
[0.514s] -- Found rmw_fastrtps_cpp: 6.2.10 (/opt/ros/humble/share/rmw_fastrtps_cpp/cmake)
[0.556s] -- Found OpenSSL: /usr/lib/aarch64-linux-gnu/libcrypto.so (found version "3.0.2")  
[0.569s] -- Found FastRTPS: /opt/ros/humble/include  
[0.586s] -- Using RMW implementation 'rmw_fastrtps_cpp' as default
[0.593s] -- Looking for pthread.h
[0.633s] -- Looking for pthread.h - found
[0.633s] -- Performing Test CMAKE_HAVE_LIBC_PTHREAD
[0.665s] -- Performing Test CMAKE_HAVE_LIBC_PTHREAD - Success
[0.665s] -- Found Threads: TRUE  
[0.696s] -- Found ament_lint_auto: 0.12.15 (/opt/ros/humble/share/ament_lint_auto/cmake)
[0.736s] -- Added test 'cppcheck' to perform static code analysis on C / C++ code
[0.736s] -- Configured cppcheck include dirs: 
[0.736s] -- Configured cppcheck exclude dirs and/or files: 
[0.737s] -- Added test 'lint_cmake' to check CMake code style
[0.737s] -- Added test 'uncrustify' to check C / C++ code style
[0.737s] -- Configured uncrustify additional arguments: 
[0.737s] -- Added test 'xmllint' to check XML markup files
[0.739s] -- Configuring done
[0.740s] [31mCMake Error at CMakeLists.txt:25 (add_executable):
[0.740s]   Cannot find source file:
[0.740s] 
[0.740s]     src/cam_node.cpp
[0.740s] 
[0.740s]   Tried extensions .c .C .c++ .cc .cpp .cxx .cu .mpp .m .M .mm .ixx .cppm .h
[0.740s]   .hh .h++ .hm .hpp .hxx .in .txx .f .F .for .f77 .f90 .f95 .f03 .hip .ispc
[0.740s] 
[0.740s] [0m
[0.741s] [31mCMake Error at CMakeLists.txt:28 (add_executable):
[0.741s]   Cannot find source file:
[0.741s] 
[0.741s]     src/walker_node.cpp
[0.741s] 
[0.741s]   Tried extensions .c .C .c++ .cc .cpp .cxx .cu .mpp .m .M .mm .ixx .cppm .h
[0.741s]   .hh .h++ .hm .hpp .hxx .in .txx .f .F .for .f77 .f90 .f95 .f03 .hip .ispc
[0.741s] 
[0.741s] [0m
[0.741s] [31mCMake Error at CMakeLists.txt:25 (add_executable):
[0.741s]   No SOURCES given to target: cam_node
[0.741s] 
[0.741s] [0m
[0.741s] [31mCMake Error at CMakeLists.txt:28 (add_executable):
[0.741s]   No SOURCES given to target: walker_node
[0.741s] 
[0.741s] [0m
[0.741s] [0mCMake Generate step failed.  Build files cannot be regenerated correctly.[0m
[0.744s] Invoked command in '/home/wes22/Sekuro 18 - Tugas 1/src/ros_soal_1/build/rosno1' returned '1': CMAKE_PREFIX_PATH=/opt/ros/humble /usr/bin/cmake /home/wes22/Sekuro 18 - Tugas 1/src/ros_soal_1/src/rosno1 -DCMAKE_INSTALL_PREFIX=/home/wes22/Sekuro 18 - Tugas 1/src/ros_soal_1/install/rosno1
